[ 2017-11-08T14:06:19+08:00 ] 115.197.240.63 /manbike0.3/index.php/Admin/Index/index.html
INFO: [ app_init ] --START--
INFO: Run Behavior\BuildLiteBehavior [ RunTime:0.000008s ]
INFO: [ app_init ] --END-- [ RunTime:0.000175s ]
INFO: [ app_begin ] --START--
INFO: Run Behavior\ReadHtmlCacheBehavior [ RunTime:0.000226s ]
INFO: [ app_begin ] --END-- [ RunTime:0.000244s ]
NOTIC: [8] A session had already been started - ignoring session_start() /opt/lampp/htdocs/manbike0.3/Application/Admin/Controller/CommonController.class.php 第 11 行.
INFO: [ view_parse ] --START--
INFO: [ template_filter ] --START--
INFO: Run Behavior\ContentReplaceBehavior [ RunTime:0.000060s ]
INFO: [ template_filter ] --END-- [ RunTime:0.000083s ]
INFO: Run Behavior\ParseTemplateBehavior [ RunTime:0.004991s ]
INFO: [ view_parse ] --END-- [ RunTime:0.005015s ]
INFO: [ view_filter ] --START--
INFO: Run Behavior\WriteHtmlCacheBehavior [ RunTime:0.000086s ]
INFO: [ view_filter ] --END-- [ RunTime:0.000099s ]
INFO: [ app_end ] --START--
INFO: Run Behavior\ShowPageTraceBehavior [ RunTime:0.000297s ]
INFO: [ app_end ] --END-- [ RunTime:0.000314s ]

[ 2017-11-08T14:06:49+08:00 ] 115.197.240.63 /manbike0.3/index.php/Admin/Bparking/isstop.html
INFO: [ app_init ] --START--
INFO: Run Behavior\BuildLiteBehavior [ RunTime:0.000008s ]
INFO: [ app_init ] --END-- [ RunTime:0.000179s ]
INFO: [ app_begin ] --START--
INFO: Run Behavior\ReadHtmlCacheBehavior [ RunTime:0.000234s ]
INFO: [ app_begin ] --END-- [ RunTime:0.000251s ]
NOTIC: [8] A session had already been started - ignoring session_start() /opt/lampp/htdocs/manbike0.3/Application/Admin/Controller/CommonController.class.php 第 11 行.
NOTIC: [8] Undefined offset: 0 /opt/lampp/htdocs/manbike0.3/Application/Admin/Controller/BparkingController.class.php 第 1842 行.
NOTIC: [8] Undefined offset: 0 /opt/lampp/htdocs/manbike0.3/Application/Admin/Controller/BparkingController.class.php 第 1842 行.
NOTIC: [8] Undefined offset: 0 /opt/lampp/htdocs/manbike0.3/Application/Admin/Controller/BparkingController.class.php 第 1842 行.
NOTIC: [8] Undefined offset: 0 /opt/lampp/htdocs/manbike0.3/Application/Admin/Controller/BparkingController.class.php 第 1842 行.
NOTIC: [8] Undefined offset: 0 /opt/lampp/htdocs/manbike0.3/Application/Admin/Controller/BparkingController.class.php 第 1842 行.
NOTIC: [8] Undefined offset: 0 /opt/lampp/htdocs/manbike0.3/Application/Admin/Controller/BparkingController.class.php 第 1842 行.
NOTIC: [8] Undefined offset: 0 /opt/lampp/htdocs/manbike0.3/Application/Admin/Controller/BparkingController.class.php 第 1842 行.
NOTIC: [8] Undefined offset: 0 /opt/lampp/htdocs/manbike0.3/Application/Admin/Controller/BparkingController.class.php 第 1842 行.
NOTIC: [8] Undefined offset: 0 /opt/lampp/htdocs/manbike0.3/Application/Admin/Controller/BparkingController.class.php 第 1842 行.
NOTIC: [8] Undefined offset: 0 /opt/lampp/htdocs/manbike0.3/Application/Admin/Controller/BparkingController.class.php 第 1842 行.
NOTIC: [8] Undefined offset: 0 /opt/lampp/htdocs/manbike0.3/Application/Admin/Controller/BparkingController.class.php 第 1842 行.
NOTIC: [8] Undefined offset: 0 /opt/lampp/htdocs/manbike0.3/Application/Admin/Controller/BparkingController.class.php 第 1842 行.
NOTIC: [8] Undefined offset: 0 /opt/lampp/htdocs/manbike0.3/Application/Admin/Controller/BparkingController.class.php 第 1842 行.
NOTIC: [8] Undefined offset: 0 /opt/lampp/htdocs/manbike0.3/Application/Admin/Controller/BparkingController.class.php 第 1842 行.
INFO: [ app_end ] --START--
INFO: Run Behavior\ShowPageTraceBehavior [ RunTime:0.000489s ]
INFO: [ app_end ] --END-- [ RunTime:0.000526s ]

[ 2017-11-08T14:06:49+08:00 ] 115.197.240.63 /manbike0.3/index.php/Admin/Index/index.html
INFO: [ app_init ] --START--
INFO: Run Behavior\BuildLiteBehavior [ RunTime:0.000007s ]
INFO: [ app_init ] --END-- [ RunTime:0.000204s ]
INFO: [ app_begin ] --START--
INFO: Run Behavior\ReadHtmlCacheBehavior [ RunTime:0.000229s ]
INFO: [ app_begin ] --END-- [ RunTime:0.000247s ]
NOTIC: [8] A session had already been started - ignoring session_start() /opt/lampp/htdocs/manbike0.3/Application/Admin/Controller/CommonController.class.php 第 11 行.
NOTIC: [8] Undefined variable: sql /opt/lampp/htdocs/manbike0.3/Application/Admin/Controller/IndexController.class.php 第 79 行.
NOTIC: [8] Undefined variable: length /opt/lampp/htdocs/manbike0.3/Application/Admin/Controller/IndexController.class.php 第 103 行.
INFO: [ view_parse ] --START--
INFO: [ template_filter ] --START--
INFO: Run Behavior\ContentReplaceBehavior [ RunTime:0.000074s ]
INFO: [ template_filter ] --END-- [ RunTime:0.000096s ]
NOTIC: [8] Undefined variable: title /opt/lampp/htdocs/manbike0.3/Application/Runtime/Cache/Admin/5e7c63a67ddc7b54827f64fe7b4d977c.php 第 10 行.
INFO: Run Behavior\ParseTemplateBehavior [ RunTime:0.005857s ]
INFO: [ view_parse ] --END-- [ RunTime:0.005874s ]
INFO: [ view_filter ] --START--
INFO: Run Behavior\WriteHtmlCacheBehavior [ RunTime:0.000090s ]
INFO: [ view_filter ] --END-- [ RunTime:0.000103s ]
INFO: [ app_end ] --START--
INFO: Run Behavior\ShowPageTraceBehavior [ RunTime:0.000285s ]
INFO: [ app_end ] --END-- [ RunTime:0.000301s ]

[ 2017-11-08T14:07:00+08:00 ] 115.197.240.63 /manbike0.3/index.php/Admin/Bparking/isstop.html
INFO: [ app_init ] --START--
INFO: Run Behavior\BuildLiteBehavior [ RunTime:0.000009s ]
INFO: [ app_init ] --END-- [ RunTime:0.000199s ]
INFO: [ app_begin ] --START--
INFO: Run Behavior\ReadHtmlCacheBehavior [ RunTime:0.000255s ]
INFO: [ app_begin ] --END-- [ RunTime:0.000275s ]
NOTIC: [8] A session had already been started - ignoring session_start() /opt/lampp/htdocs/manbike0.3/Application/Admin/Controller/CommonController.class.php 第 11 行.
NOTIC: [8] Undefined offset: 0 /opt/lampp/htdocs/manbike0.3/Application/Admin/Controller/BparkingController.class.php 第 1842 行.
NOTIC: [8] Undefined offset: 0 /opt/lampp/htdocs/manbike0.3/Application/Admin/Controller/BparkingController.class.php 第 1842 行.
NOTIC: [8] Undefined offset: 0 /opt/lampp/htdocs/manbike0.3/Application/Admin/Controller/BparkingController.class.php 第 1842 行.
NOTIC: [8] Undefined offset: 0 /opt/lampp/htdocs/manbike0.3/Application/Admin/Controller/BparkingController.class.php 第 1842 行.
NOTIC: [8] Undefined offset: 0 /opt/lampp/htdocs/manbike0.3/Application/Admin/Controller/BparkingController.class.php 第 1842 行.
NOTIC: [8] Undefined offset: 0 /opt/lampp/htdocs/manbike0.3/Application/Admin/Controller/BparkingController.class.php 第 1842 行.
NOTIC: [8] Undefined offset: 0 /opt/lampp/htdocs/manbike0.3/Application/Admin/Controller/BparkingController.class.php 第 1842 行.
NOTIC: [8] Undefined offset: 0 /opt/lampp/htdocs/manbike0.3/Application/Admin/Controller/BparkingController.class.php 第 1842 行.
NOTIC: [8] Undefined offset: 0 /opt/lampp/htdocs/manbike0.3/Application/Admin/Controller/BparkingController.class.php 第 1842 行.
NOTIC: [8] Undefined offset: 0 /opt/lampp/htdocs/manbike0.3/Application/Admin/Controller/BparkingController.class.php 第 1842 行.
NOTIC: [8] Undefined offset: 0 /opt/lampp/htdocs/manbike0.3/Application/Admin/Controller/BparkingController.class.php 第 1842 行.
NOTIC: [8] Undefined offset: 0 /opt/lampp/htdocs/manbike0.3/Application/Admin/Controller/BparkingController.class.php 第 1842 行.
NOTIC: [8] Undefined offset: 0 /opt/lampp/htdocs/manbike0.3/Application/Admin/Controller/BparkingController.class.php 第 1842 行.
NOTIC: [8] Undefined offset: 0 /opt/lampp/htdocs/manbike0.3/Application/Admin/Controller/BparkingController.class.php 第 1842 行.
INFO: [ app_end ] --START--
INFO: Run Behavior\ShowPageTraceBehavior [ RunTime:0.000399s ]
INFO: [ app_end ] --END-- [ RunTime:0.000428s ]

[ 2017-11-08T14:07:03+08:00 ] 115.197.240.63 /manbike0.3/index.php/Admin/Index/index
INFO: [ app_init ] --START--
INFO: Run Behavior\BuildLiteBehavior [ RunTime:0.000007s ]
INFO: [ app_init ] --END-- [ RunTime:0.000179s ]
INFO: [ app_begin ] --START--
INFO: Run Behavior\ReadHtmlCacheBehavior [ RunTime:0.000240s ]
INFO: [ app_begin ] --END-- [ RunTime:0.000258s ]
NOTIC: [8] A session had already been started - ignoring session_start() /opt/lampp/htdocs/manbike0.3/Application/Admin/Controller/CommonController.class.php 第 11 行.
INFO: [ view_parse ] --START--
INFO: [ template_filter ] --START--
INFO: Run Behavior\ContentReplaceBehavior [ RunTime:0.000063s ]
INFO: [ template_filter ] --END-- [ RunTime:0.000088s ]
INFO: Run Behavior\ParseTemplateBehavior [ RunTime:0.005064s ]
INFO: [ view_parse ] --END-- [ RunTime:0.005087s ]
INFO: [ view_filter ] --START--
INFO: Run Behavior\WriteHtmlCacheBehavior [ RunTime:0.000088s ]
INFO: [ view_filter ] --END-- [ RunTime:0.000101s ]
INFO: [ app_end ] --START--
INFO: Run Behavior\ShowPageTraceBehavior [ RunTime:0.000301s ]
INFO: [ app_end ] --END-- [ RunTime:0.000319s ]

[ 2017-11-08T14:07:10+08:00 ] 115.197.240.63 /manbike0.3/index.php/Admin/Bparking/isstop.html
INFO: [ app_init ] --START--
INFO: Run Behavior\BuildLiteBehavior [ RunTime:0.000009s ]
INFO: [ app_init ] --END-- [ RunTime:0.000212s ]
INFO: [ app_begin ] --START--
INFO: Run Behavior\ReadHtmlCacheBehavior [ RunTime:0.000267s ]
INFO: [ app_begin ] --END-- [ RunTime:0.000287s ]
NOTIC: [8] A session had already been started - ignoring session_start() /opt/lampp/htdocs/manbike0.3/Application/Admin/Controller/CommonController.class.php 第 11 行.
NOTIC: [8] Undefined offset: 0 /opt/lampp/htdocs/manbike0.3/Application/Admin/Controller/BparkingController.class.php 第 1842 行.
NOTIC: [8] Undefined offset: 0 /opt/lampp/htdocs/manbike0.3/Application/Admin/Controller/BparkingController.class.php 第 1842 行.
NOTIC: [8] Undefined offset: 0 /opt/lampp/htdocs/manbike0.3/Application/Admin/Controller/BparkingController.class.php 第 1842 行.
NOTIC: [8] Undefined offset: 0 /opt/lampp/htdocs/manbike0.3/Application/Admin/Controller/BparkingController.class.php 第 1842 行.
NOTIC: [8] Undefined offset: 0 /opt/lampp/htdocs/manbike0.3/Application/Admin/Controller/BparkingController.class.php 第 1842 行.
NOTIC: [8] Undefined offset: 0 /opt/lampp/htdocs/manbike0.3/Application/Admin/Controller/BparkingController.class.php 第 1842 行.
NOTIC: [8] Undefined offset: 0 /opt/lampp/htdocs/manbike0.3/Application/Admin/Controller/BparkingController.class.php 第 1842 行.
NOTIC: [8] Undefined offset: 0 /opt/lampp/htdocs/manbike0.3/Application/Admin/Controller/BparkingController.class.php 第 1842 行.
NOTIC: [8] Undefined offset: 0 /opt/lampp/htdocs/manbike0.3/Application/Admin/Controller/BparkingController.class.php 第 1842 行.
NOTIC: [8] Undefined offset: 0 /opt/lampp/htdocs/manbike0.3/Application/Admin/Controller/BparkingController.class.php 第 1842 行.
NOTIC: [8] Undefined offset: 0 /opt/lampp/htdocs/manbike0.3/Application/Admin/Controller/BparkingController.class.php 第 1842 行.
NOTIC: [8] Undefined offset: 0 /opt/lampp/htdocs/manbike0.3/Application/Admin/Controller/BparkingController.class.php 第 1842 行.
NOTIC: [8] Undefined offset: 0 /opt/lampp/htdocs/manbike0.3/Application/Admin/Controller/BparkingController.class.php 第 1842 行.
NOTIC: [8] Undefined offset: 0 /opt/lampp/htdocs/manbike0.3/Application/Admin/Controller/BparkingController.class.php 第 1842 行.
INFO: [ app_end ] --START--
INFO: Run Behavior\ShowPageTraceBehavior [ RunTime:0.000362s ]
INFO: [ app_end ] --END-- [ RunTime:0.000391s ]

[ 2017-11-08T14:07:12+08:00 ] 101.226.225.59 /manbike0.3/index.php/Admin/Index/index
INFO: [ app_init ] --START--
INFO: Run Behavior\BuildLiteBehavior [ RunTime:0.000007s ]
INFO: [ app_init ] --END-- [ RunTime:0.000183s ]
INFO: [ app_begin ] --START--
INFO: Run Behavior\ReadHtmlCacheBehavior [ RunTime:0.000241s ]
INFO: [ app_begin ] --END-- [ RunTime:0.000258s ]
INFO: [ view_parse ] --START--
INFO: [ template_filter ] --START--
INFO: Run Behavior\ContentReplaceBehavior [ RunTime:0.000026s ]
INFO: [ template_filter ] --END-- [ RunTime:0.000043s ]
INFO: Run Behavior\ParseTemplateBehavior [ RunTime:0.003604s ]
INFO: [ view_parse ] --END-- [ RunTime:0.003624s ]
INFO: [ view_filter ] --START--
INFO: Run Behavior\WriteHtmlCacheBehavior [ RunTime:0.000099s ]
INFO: [ view_filter ] --END-- [ RunTime:0.000115s ]

[ 2017-11-08T14:07:12+08:00 ] 115.197.240.63 /manbike0.3/index.php/Admin/Index
INFO: [ app_init ] --START--
INFO: Run Behavior\BuildLiteBehavior [ RunTime:0.000008s ]
INFO: [ app_init ] --END-- [ RunTime:0.000178s ]
INFO: [ app_begin ] --START--
INFO: Run Behavior\ReadHtmlCacheBehavior [ RunTime:0.000242s ]
INFO: [ app_begin ] --END-- [ RunTime:0.000260s ]
NOTIC: [8] A session had already been started - ignoring session_start() /opt/lampp/htdocs/manbike0.3/Application/Admin/Controller/CommonController.class.php 第 11 行.
INFO: [ view_parse ] --START--
INFO: [ template_filter ] --START--
INFO: Run Behavior\ContentReplaceBehavior [ RunTime:0.000067s ]
INFO: [ template_filter ] --END-- [ RunTime:0.000098s ]
INFO: Run Behavior\ParseTemplateBehavior [ RunTime:0.006643s ]
INFO: [ view_parse ] --END-- [ RunTime:0.006666s ]
INFO: [ view_filter ] --START--
INFO: Run Behavior\WriteHtmlCacheBehavior [ RunTime:0.000084s ]
INFO: [ view_filter ] --END-- [ RunTime:0.000096s ]
INFO: [ app_end ] --START--
INFO: Run Behavior\ShowPageTraceBehavior [ RunTime:0.000278s ]
INFO: [ app_end ] --END-- [ RunTime:0.000303s ]

[ 2017-11-08T14:07:21+08:00 ] 115.197.240.63 /manbike0.3/index.php/Admin/Index/index.html
INFO: [ app_init ] --START--
INFO: Run Behavior\BuildLiteBehavior [ RunTime:0.000007s ]
INFO: [ app_init ] --END-- [ RunTime:0.000175s ]
INFO: [ app_begin ] --START--
INFO: Run Behavior\ReadHtmlCacheBehavior [ RunTime:0.000256s ]
INFO: [ app_begin ] --END-- [ RunTime:0.000274s ]
NOTIC: [8] A session had already been started - ignoring session_start() /opt/lampp/htdocs/manbike0.3/Application/Admin/Controller/CommonController.class.php 第 11 行.
INFO: [ view_parse ] --START--
INFO: [ template_filter ] --START--
INFO: Run Behavior\ContentReplaceBehavior [ RunTime:0.000060s ]
INFO: [ template_filter ] --END-- [ RunTime:0.000084s ]
INFO: Run Behavior\ParseTemplateBehavior [ RunTime:0.005076s ]
INFO: [ view_parse ] --END-- [ RunTime:0.005101s ]
INFO: [ view_filter ] --START--
INFO: Run Behavior\WriteHtmlCacheBehavior [ RunTime:0.000084s ]
INFO: [ view_filter ] --END-- [ RunTime:0.000096s ]
INFO: [ app_end ] --START--
INFO: Run Behavior\ShowPageTraceBehavior [ RunTime:0.000278s ]
INFO: [ app_end ] --END-- [ RunTime:0.000295s ]

